[PREINITIALIZATION][CLIENT][INFO] Current loaders after merging: [[preinit]]
[PREINITIALIZATION][CLIENT][INFO] Loading scripts for loader with names [preinit]
[PREINITIALIZATION][CLIENT][INFO] [preinit | SIDE_CLIENT]: Skipping file {[0:contenttweaker]: contenttweaker\BluePowder.zs} as we are currently loading with a different loader
[PREINITIALIZATION][CLIENT][INFO] [preinit | SIDE_CLIENT]: Skipping file {[0:contenttweaker]: contenttweaker\BlueWater.zs} as we are currently loading with a different loader
[PREINITIALIZATION][CLIENT][INFO] [preinit | SIDE_CLIENT]: Skipping file {[0:contenttweaker]: contenttweaker\Circeptre.zs} as we are currently loading with a different loader
[PREINITIALIZATION][CLIENT][INFO] [preinit | SIDE_CLIENT]: Skipping file {[0:contenttweaker]: contenttweaker\Empty_Powder.zs} as we are currently loading with a different loader
[PREINITIALIZATION][CLIENT][INFO] [preinit | SIDE_CLIENT]: Skipping file {[0:contenttweaker]: contenttweaker\GreenPowder.zs} as we are currently loading with a different loader
[PREINITIALIZATION][CLIENT][INFO] [preinit | SIDE_CLIENT]: Skipping file {[0:contenttweaker]: contenttweaker\GreenWater.zs} as we are currently loading with a different loader
[PREINITIALIZATION][CLIENT][INFO] [preinit | SIDE_CLIENT]: Skipping file {[0:contenttweaker]: contenttweaker\OrangePowder.zs} as we are currently loading with a different loader
[PREINITIALIZATION][CLIENT][INFO] [preinit | SIDE_CLIENT]: Skipping file {[0:contenttweaker]: contenttweaker\OrangeWater.zs} as we are currently loading with a different loader
[PREINITIALIZATION][CLIENT][INFO] [preinit | SIDE_CLIENT]: Skipping file {[0:contenttweaker]: contenttweaker\PinkPowder.zs} as we are currently loading with a different loader
[PREINITIALIZATION][CLIENT][INFO] [preinit | SIDE_CLIENT]: Skipping file {[0:contenttweaker]: contenttweaker\PinkWater.zs} as we are currently loading with a different loader
[PREINITIALIZATION][CLIENT][INFO] [preinit | SIDE_CLIENT]: Skipping file {[0:contenttweaker]: contenttweaker\RainbowPowder.zs} as we are currently loading with a different loader
[PREINITIALIZATION][CLIENT][INFO] [preinit | SIDE_CLIENT]: Skipping file {[0:contenttweaker]: contenttweaker\RedPowder.zs} as we are currently loading with a different loader
[PREINITIALIZATION][CLIENT][INFO] [preinit | SIDE_CLIENT]: Skipping file {[0:contenttweaker]: contenttweaker\RedWater.zs} as we are currently loading with a different loader
[PREINITIALIZATION][CLIENT][INFO] [preinit | SIDE_CLIENT]: Skipping file {[0:contenttweaker]: contenttweaker\Smoke.zs} as we are currently loading with a different loader
[PREINITIALIZATION][CLIENT][INFO] [preinit | SIDE_CLIENT]: Skipping file {[0:contenttweaker]: contenttweaker\UltiamateWater.zs} as we are currently loading with a different loader
[PREINITIALIZATION][CLIENT][INFO] [preinit | SIDE_CLIENT]: Skipping file {[0:contenttweaker]: contenttweaker\VioletPowder.zs} as we are currently loading with a different loader
[PREINITIALIZATION][CLIENT][INFO] [preinit | SIDE_CLIENT]: Skipping file {[0:contenttweaker]: contenttweaker\VioletWater.zs} as we are currently loading with a different loader
[PREINITIALIZATION][CLIENT][INFO] [preinit | SIDE_CLIENT]: Skipping file {[0:contenttweaker]: contenttweaker\YellowPowder.zs} as we are currently loading with a different loader
[PREINITIALIZATION][CLIENT][INFO] [preinit | SIDE_CLIENT]: Skipping file {[0:contenttweaker]: contenttweaker\YellowWater.zs} as we are currently loading with a different loader
[PREINITIALIZATION][CLIENT][INFO] [preinit | SIDE_CLIENT]: Skipping file {[0:crafttweaker]: CraftingTable.zs} as we are currently loading with a different loader
[PREINITIALIZATION][CLIENT][INFO] [preinit | SIDE_CLIENT]: Skipping file {[0:crafttweaker]: ExtendedCrafting.zs} as we are currently loading with a different loader
[PREINITIALIZATION][CLIENT][INFO] [preinit | SIDE_CLIENT]: Skipping file {[0:crafttweaker]: Extreme Crafting.zs} as we are currently loading with a different loader
[PREINITIALIZATION][CLIENT][INFO] [preinit | SIDE_CLIENT]: Skipping file {[0:crafttweaker]: FireToItem.zs} as we are currently loading with a different loader
[PREINITIALIZATION][CLIENT][INFO] [preinit | SIDE_CLIENT]: Skipping file {[0:crafttweaker]: FluidToFluid.zs} as we are currently loading with a different loader
[PREINITIALIZATION][CLIENT][INFO] [preinit | SIDE_CLIENT]: Skipping file {[0:crafttweaker]: FuildToItem.zs} as we are currently loading with a different loader
[PREINITIALIZATION][CLIENT][INFO] [preinit | SIDE_CLIENT]: Skipping file {[0:crafttweaker]: Fusion Crafting.zs} as we are currently loading with a different loader
[PREINITIALIZATION][CLIENT][INFO] [preinit | SIDE_CLIENT]: Skipping file {[0:crafttweaker]: remove.zs} as we are currently loading with a different loader
[PREINITIALIZATION][CLIENT][INFO] Completed script loading in: 2ms
[PREINITIALIZATION][CLIENT][INFO] Current loaders after merging: [[preinit], [alchemistry]]
[PREINITIALIZATION][CLIENT][INFO] Loading scripts for loader with names [alchemistry]
[PREINITIALIZATION][CLIENT][INFO] [alchemistry | SIDE_CLIENT]: Skipping file {[0:contenttweaker]: contenttweaker\BluePowder.zs} as we are currently loading with a different loader
[PREINITIALIZATION][CLIENT][INFO] [alchemistry | SIDE_CLIENT]: Skipping file {[0:contenttweaker]: contenttweaker\BlueWater.zs} as we are currently loading with a different loader
[PREINITIALIZATION][CLIENT][INFO] [alchemistry | SIDE_CLIENT]: Skipping file {[0:contenttweaker]: contenttweaker\Circeptre.zs} as we are currently loading with a different loader
[PREINITIALIZATION][CLIENT][INFO] [alchemistry | SIDE_CLIENT]: Skipping file {[0:contenttweaker]: contenttweaker\Empty_Powder.zs} as we are currently loading with a different loader
[PREINITIALIZATION][CLIENT][INFO] [alchemistry | SIDE_CLIENT]: Skipping file {[0:contenttweaker]: contenttweaker\GreenPowder.zs} as we are currently loading with a different loader
[PREINITIALIZATION][CLIENT][INFO] [alchemistry | SIDE_CLIENT]: Skipping file {[0:contenttweaker]: contenttweaker\GreenWater.zs} as we are currently loading with a different loader
[PREINITIALIZATION][CLIENT][INFO] [alchemistry | SIDE_CLIENT]: Skipping file {[0:contenttweaker]: contenttweaker\OrangePowder.zs} as we are currently loading with a different loader
[PREINITIALIZATION][CLIENT][INFO] [alchemistry | SIDE_CLIENT]: Skipping file {[0:contenttweaker]: contenttweaker\OrangeWater.zs} as we are currently loading with a different loader
[PREINITIALIZATION][CLIENT][INFO] [alchemistry | SIDE_CLIENT]: Skipping file {[0:contenttweaker]: contenttweaker\PinkPowder.zs} as we are currently loading with a different loader
[PREINITIALIZATION][CLIENT][INFO] [alchemistry | SIDE_CLIENT]: Skipping file {[0:contenttweaker]: contenttweaker\PinkWater.zs} as we are currently loading with a different loader
[PREINITIALIZATION][CLIENT][INFO] [alchemistry | SIDE_CLIENT]: Skipping file {[0:contenttweaker]: contenttweaker\RainbowPowder.zs} as we are currently loading with a different loader
[PREINITIALIZATION][CLIENT][INFO] [alchemistry | SIDE_CLIENT]: Skipping file {[0:contenttweaker]: contenttweaker\RedPowder.zs} as we are currently loading with a different loader
[PREINITIALIZATION][CLIENT][INFO] [alchemistry | SIDE_CLIENT]: Skipping file {[0:contenttweaker]: contenttweaker\RedWater.zs} as we are currently loading with a different loader
[PREINITIALIZATION][CLIENT][INFO] [alchemistry | SIDE_CLIENT]: Skipping file {[0:contenttweaker]: contenttweaker\Smoke.zs} as we are currently loading with a different loader
[PREINITIALIZATION][CLIENT][INFO] [alchemistry | SIDE_CLIENT]: Skipping file {[0:contenttweaker]: contenttweaker\UltiamateWater.zs} as we are currently loading with a different loader
[PREINITIALIZATION][CLIENT][INFO] [alchemistry | SIDE_CLIENT]: Skipping file {[0:contenttweaker]: contenttweaker\VioletPowder.zs} as we are currently loading with a different loader
[PREINITIALIZATION][CLIENT][INFO] [alchemistry | SIDE_CLIENT]: Skipping file {[0:contenttweaker]: contenttweaker\VioletWater.zs} as we are currently loading with a different loader
[PREINITIALIZATION][CLIENT][INFO] [alchemistry | SIDE_CLIENT]: Skipping file {[0:contenttweaker]: contenttweaker\YellowPowder.zs} as we are currently loading with a different loader
[PREINITIALIZATION][CLIENT][INFO] [alchemistry | SIDE_CLIENT]: Skipping file {[0:contenttweaker]: contenttweaker\YellowWater.zs} as we are currently loading with a different loader
[PREINITIALIZATION][CLIENT][INFO] [alchemistry | SIDE_CLIENT]: Skipping file {[0:crafttweaker]: CraftingTable.zs} as we are currently loading with a different loader
[PREINITIALIZATION][CLIENT][INFO] [alchemistry | SIDE_CLIENT]: Skipping file {[0:crafttweaker]: ExtendedCrafting.zs} as we are currently loading with a different loader
[PREINITIALIZATION][CLIENT][INFO] [alchemistry | SIDE_CLIENT]: Skipping file {[0:crafttweaker]: Extreme Crafting.zs} as we are currently loading with a different loader
[PREINITIALIZATION][CLIENT][INFO] [alchemistry | SIDE_CLIENT]: Skipping file {[0:crafttweaker]: FireToItem.zs} as we are currently loading with a different loader
[PREINITIALIZATION][CLIENT][INFO] [alchemistry | SIDE_CLIENT]: Skipping file {[0:crafttweaker]: FluidToFluid.zs} as we are currently loading with a different loader
[PREINITIALIZATION][CLIENT][INFO] [alchemistry | SIDE_CLIENT]: Skipping file {[0:crafttweaker]: FuildToItem.zs} as we are currently loading with a different loader
[PREINITIALIZATION][CLIENT][INFO] [alchemistry | SIDE_CLIENT]: Skipping file {[0:crafttweaker]: Fusion Crafting.zs} as we are currently loading with a different loader
[PREINITIALIZATION][CLIENT][INFO] [alchemistry | SIDE_CLIENT]: Skipping file {[0:crafttweaker]: remove.zs} as we are currently loading with a different loader
[PREINITIALIZATION][CLIENT][INFO] Completed script loading in: 0ms
[PREINITIALIZATION][CLIENT][INFO] Current loaders after merging: [[preinit], [alchemistry], [contenttweaker]]
[PREINITIALIZATION][CLIENT][INFO] Loading scripts for loader with names [contenttweaker]
[PREINITIALIZATION][CLIENT][INFO] [contenttweaker | SIDE_CLIENT]: Loading Script: {[0:contenttweaker]: contenttweaker\BluePowder.zs}
[PREINITIALIZATION][CLIENT][INFO] [contenttweaker | SIDE_CLIENT]: Loading Script: {[0:contenttweaker]: contenttweaker\BlueWater.zs}
[PREINITIALIZATION][CLIENT][INFO] [contenttweaker | SIDE_CLIENT]: Loading Script: {[0:contenttweaker]: contenttweaker\Circeptre.zs}
[PREINITIALIZATION][CLIENT][ERROR] contenttweaker\Circeptre.zs:28 > not a valid lvalue
[PREINITIALIZATION][CLIENT][ERROR] contenttweaker\Circeptre.zs:36 > No such static member in crafttweaker.player.IPlayer: player
[PREINITIALIZATION][CLIENT][ERROR] contenttweaker\Circeptre.zs:36 > No such static member in mods.contenttweaker.World: world
[PREINITIALIZATION][CLIENT][ERROR] [contenttweaker]: Error executing {[0:contenttweaker]: contenttweaker\Circeptre.zs}: Bad type on operand stack
Exception Details:
  Location:
    contenttweaker\Circeptre.__script__()V @37: ifnull
  Reason:
    Type integer (current frame, stack[0]) is not assignable to reference type
  Current Frame:
    bci: @37
    flags: { }
    locals: { top, integer, top, 'com/teamacronymcoders/contenttweaker/modules/vanilla/items/ItemRepresentation' }
    stack: { integer }
  Bytecode:
    0x0000000: 120a 3c12 0cb8 0012 4e2d 1213 b600 192d
    0x0000010: 121b b600 1f2d 1221 b600 242d 1225 b600
    0x0000020: 2812 2959 3cc6 0007 04a7 0004 03b8 002f
    0x0000030: c600 122d bb00 3159 1bb7 0034 b600 38a7
    0x0000040: 0031 1239 593c c600 0704 a700 0403 b800
    0x0000050: 2fc6 000f 123b 0101 0304 b800 41a7 0013
    0x0000060: 2dbb 0043 59b7 0045 b600 381b 1213 603c
    0x0000070: 2db6 0048 b1                           
  Stackmap Table:
    full_frame(@44,{Top,Integer,Top,Object[#21]},{})
    same_locals_1_stack_item_frame(@45,Integer)
    same_frame(@66)
    same_frame(@77)
    same_locals_1_stack_item_frame(@78,Integer)
    same_frame(@96)
    same_frame(@112)

java.lang.VerifyError: Bad type on operand stack
Exception Details:
  Location:
    contenttweaker\Circeptre.__script__()V @37: ifnull
  Reason:
    Type integer (current frame, stack[0]) is not assignable to reference type
  Current Frame:
    bci: @37
    flags: { }
    locals: { top, integer, top, 'com/teamacronymcoders/contenttweaker/modules/vanilla/items/ItemRepresentation' }
    stack: { integer }
  Bytecode:
    0x0000000: 120a 3c12 0cb8 0012 4e2d 1213 b600 192d
    0x0000010: 121b b600 1f2d 1221 b600 242d 1225 b600
    0x0000020: 2812 2959 3cc6 0007 04a7 0004 03b8 002f
    0x0000030: c600 122d bb00 3159 1bb7 0034 b600 38a7
    0x0000040: 0031 1239 593c c600 0704 a700 0403 b800
    0x0000050: 2fc6 000f 123b 0101 0304 b800 41a7 0013
    0x0000060: 2dbb 0043 59b7 0045 b600 381b 1213 603c
    0x0000070: 2db6 0048 b1                           
  Stackmap Table:
    full_frame(@44,{Top,Integer,Top,Object[#21]},{})
    same_locals_1_stack_item_frame(@45,Integer)
    same_frame(@66)
    same_frame(@77)
    same_locals_1_stack_item_frame(@78,Integer)
    same_frame(@96)
    same_frame(@112)

	at __ZenMain__.run(contenttweaker\Circeptre)
	at crafttweaker.runtime.CrTTweaker.loadScript(CrTTweaker.java:240)
	at crafttweaker.runtime.CrTTweaker.loadScript(CrTTweaker.java:96)
	at crafttweaker.runtime.CrTTweaker.loadScript(CrTTweaker.java:100)
	at crafttweaker.runtime.CrTTweaker.loadScript(CrTTweaker.java:78)
	at com.teamacronymcoders.contenttweaker.ContentTweaker.afterModuleHandlerInit(ContentTweaker.java:45)
	at com.teamacronymcoders.base.BaseModFoundation.preInit(BaseModFoundation.java:112)
	at com.teamacronymcoders.contenttweaker.ContentTweaker.preInit(ContentTweaker.java:40)
	at sun.reflect.NativeMethodAccessorImpl.invoke0(Native Method)
	at sun.reflect.NativeMethodAccessorImpl.invoke(NativeMethodAccessorImpl.java:62)
	at sun.reflect.DelegatingMethodAccessorImpl.invoke(DelegatingMethodAccessorImpl.java:43)
	at java.lang.reflect.Method.invoke(Method.java:497)
	at net.minecraftforge.fml.common.FMLModContainer.handleModStateEvent(FMLModContainer.java:637)
	at sun.reflect.GeneratedMethodAccessor2.invoke(Unknown Source)
	at sun.reflect.DelegatingMethodAccessorImpl.invoke(DelegatingMethodAccessorImpl.java:43)
	at java.lang.reflect.Method.invoke(Method.java:497)
	at com.google.common.eventbus.Subscriber.invokeSubscriberMethod(Subscriber.java:91)
	at com.google.common.eventbus.Subscriber$SynchronizedSubscriber.invokeSubscriberMethod(Subscriber.java:150)
	at com.google.common.eventbus.Subscriber$1.run(Subscriber.java:76)
	at com.google.common.util.concurrent.MoreExecutors$DirectExecutor.execute(MoreExecutors.java:399)
	at com.google.common.eventbus.Subscriber.dispatchEvent(Subscriber.java:71)
	at com.google.common.eventbus.Dispatcher$PerThreadQueuedDispatcher.dispatch(Dispatcher.java:116)
	at com.google.common.eventbus.EventBus.post(EventBus.java:217)
	at net.minecraftforge.fml.common.LoadController.sendEventToModContainer(LoadController.java:219)
	at net.minecraftforge.fml.common.LoadController.propogateStateMessage(LoadController.java:197)
	at sun.reflect.NativeMethodAccessorImpl.invoke0(Native Method)
	at sun.reflect.NativeMethodAccessorImpl.invoke(NativeMethodAccessorImpl.java:62)
	at sun.reflect.DelegatingMethodAccessorImpl.invoke(DelegatingMethodAccessorImpl.java:43)
	at java.lang.reflect.Method.invoke(Method.java:497)
	at com.google.common.eventbus.Subscriber.invokeSubscriberMethod(Subscriber.java:91)
	at com.google.common.eventbus.Subscriber$SynchronizedSubscriber.invokeSubscriberMethod(Subscriber.java:150)
	at com.google.common.eventbus.Subscriber$1.run(Subscriber.java:76)
	at com.google.common.util.concurrent.MoreExecutors$DirectExecutor.execute(MoreExecutors.java:399)
	at com.google.common.eventbus.Subscriber.dispatchEvent(Subscriber.java:71)
	at com.google.common.eventbus.Dispatcher$PerThreadQueuedDispatcher.dispatch(Dispatcher.java:116)
	at com.google.common.eventbus.EventBus.post(EventBus.java:217)
	at net.minecraftforge.fml.common.LoadController.distributeStateMessage(LoadController.java:136)
	at net.minecraftforge.fml.common.Loader.preinitializeMods(Loader.java:629)
	at net.minecraftforge.fml.client.FMLClientHandler.beginMinecraftLoading(FMLClientHandler.java:252)
	at net.minecraft.client.Minecraft.func_71384_a(Minecraft.java:467)
	at net.minecraft.client.Minecraft.func_99999_d(Minecraft.java:378)
	at net.minecraft.client.main.Main.main(SourceFile:123)
	at sun.reflect.NativeMethodAccessorImpl.invoke0(Native Method)
	at sun.reflect.NativeMethodAccessorImpl.invoke(NativeMethodAccessorImpl.java:62)
	at sun.reflect.DelegatingMethodAccessorImpl.invoke(DelegatingMethodAccessorImpl.java:43)
	at java.lang.reflect.Method.invoke(Method.java:497)
	at net.minecraft.launchwrapper.Launch.launch(Launch.java:135)
	at net.minecraft.launchwrapper.Launch.main(Launch.java:28)
[PREINITIALIZATION][CLIENT][INFO] [contenttweaker | SIDE_CLIENT]: Loading Script: {[0:contenttweaker]: contenttweaker\Empty_Powder.zs}
[PREINITIALIZATION][CLIENT][INFO] [contenttweaker | SIDE_CLIENT]: Loading Script: {[0:contenttweaker]: contenttweaker\GreenPowder.zs}
[PREINITIALIZATION][CLIENT][INFO] [contenttweaker | SIDE_CLIENT]: Loading Script: {[0:contenttweaker]: contenttweaker\GreenWater.zs}
[PREINITIALIZATION][CLIENT][INFO] [contenttweaker | SIDE_CLIENT]: Loading Script: {[0:contenttweaker]: contenttweaker\OrangePowder.zs}
[PREINITIALIZATION][CLIENT][INFO] [contenttweaker | SIDE_CLIENT]: Loading Script: {[0:contenttweaker]: contenttweaker\OrangeWater.zs}
[PREINITIALIZATION][CLIENT][INFO] [contenttweaker | SIDE_CLIENT]: Loading Script: {[0:contenttweaker]: contenttweaker\PinkPowder.zs}
[PREINITIALIZATION][CLIENT][INFO] [contenttweaker | SIDE_CLIENT]: Loading Script: {[0:contenttweaker]: contenttweaker\PinkWater.zs}
[PREINITIALIZATION][CLIENT][INFO] [contenttweaker | SIDE_CLIENT]: Loading Script: {[0:contenttweaker]: contenttweaker\RainbowPowder.zs}
[PREINITIALIZATION][CLIENT][INFO] [contenttweaker | SIDE_CLIENT]: Loading Script: {[0:contenttweaker]: contenttweaker\RedPowder.zs}
[PREINITIALIZATION][CLIENT][INFO] [contenttweaker | SIDE_CLIENT]: Loading Script: {[0:contenttweaker]: contenttweaker\RedWater.zs}
[PREINITIALIZATION][CLIENT][INFO] [contenttweaker | SIDE_CLIENT]: Loading Script: {[0:contenttweaker]: contenttweaker\Smoke.zs}
[PREINITIALIZATION][CLIENT][INFO] [contenttweaker | SIDE_CLIENT]: Loading Script: {[0:contenttweaker]: contenttweaker\UltiamateWater.zs}
[PREINITIALIZATION][CLIENT][INFO] [contenttweaker | SIDE_CLIENT]: Loading Script: {[0:contenttweaker]: contenttweaker\VioletPowder.zs}
[PREINITIALIZATION][CLIENT][INFO] [contenttweaker | SIDE_CLIENT]: Loading Script: {[0:contenttweaker]: contenttweaker\VioletWater.zs}
[PREINITIALIZATION][CLIENT][INFO] [contenttweaker | SIDE_CLIENT]: Loading Script: {[0:contenttweaker]: contenttweaker\YellowPowder.zs}
[PREINITIALIZATION][CLIENT][INFO] [contenttweaker | SIDE_CLIENT]: Loading Script: {[0:contenttweaker]: contenttweaker\YellowWater.zs}
[PREINITIALIZATION][CLIENT][INFO] [contenttweaker | SIDE_CLIENT]: Skipping file {[0:crafttweaker]: CraftingTable.zs} as we are currently loading with a different loader
[PREINITIALIZATION][CLIENT][INFO] [contenttweaker | SIDE_CLIENT]: Skipping file {[0:crafttweaker]: ExtendedCrafting.zs} as we are currently loading with a different loader
[PREINITIALIZATION][CLIENT][INFO] [contenttweaker | SIDE_CLIENT]: Skipping file {[0:crafttweaker]: Extreme Crafting.zs} as we are currently loading with a different loader
[PREINITIALIZATION][CLIENT][INFO] [contenttweaker | SIDE_CLIENT]: Skipping file {[0:crafttweaker]: FireToItem.zs} as we are currently loading with a different loader
[PREINITIALIZATION][CLIENT][INFO] [contenttweaker | SIDE_CLIENT]: Skipping file {[0:crafttweaker]: FluidToFluid.zs} as we are currently loading with a different loader
[PREINITIALIZATION][CLIENT][INFO] [contenttweaker | SIDE_CLIENT]: Skipping file {[0:crafttweaker]: FuildToItem.zs} as we are currently loading with a different loader
[PREINITIALIZATION][CLIENT][INFO] [contenttweaker | SIDE_CLIENT]: Skipping file {[0:crafttweaker]: Fusion Crafting.zs} as we are currently loading with a different loader
[PREINITIALIZATION][CLIENT][INFO] [contenttweaker | SIDE_CLIENT]: Skipping file {[0:crafttweaker]: remove.zs} as we are currently loading with a different loader
[PREINITIALIZATION][CLIENT][INFO] Completed script loading in: 225ms
[INITIALIZATION][CLIENT][INFO] CraftTweaker: Building registry
[INITIALIZATION][CLIENT][INFO] CraftTweaker: Successfully built item registry
[INITIALIZATION][CLIENT][INFO] Current loaders after merging: [[preinit], [alchemistry], [contenttweaker], [recipeevent | crafttweaker]]
[INITIALIZATION][CLIENT][INFO] Loading scripts for loader with names [crafttweaker | recipeevent]
[INITIALIZATION][CLIENT][INFO] [crafttweaker | SIDE_CLIENT]: Skipping file {[0:contenttweaker]: contenttweaker\BluePowder.zs} as we are currently loading with a different loader
[INITIALIZATION][CLIENT][INFO] [crafttweaker | SIDE_CLIENT]: Skipping file {[0:contenttweaker]: contenttweaker\BlueWater.zs} as we are currently loading with a different loader
[INITIALIZATION][CLIENT][INFO] [crafttweaker | SIDE_CLIENT]: Skipping file {[0:contenttweaker]: contenttweaker\Circeptre.zs} as we are currently loading with a different loader
[INITIALIZATION][CLIENT][INFO] [crafttweaker | SIDE_CLIENT]: Skipping file {[0:contenttweaker]: contenttweaker\Empty_Powder.zs} as we are currently loading with a different loader
[INITIALIZATION][CLIENT][INFO] [crafttweaker | SIDE_CLIENT]: Skipping file {[0:contenttweaker]: contenttweaker\GreenPowder.zs} as we are currently loading with a different loader
[INITIALIZATION][CLIENT][INFO] [crafttweaker | SIDE_CLIENT]: Skipping file {[0:contenttweaker]: contenttweaker\GreenWater.zs} as we are currently loading with a different loader
[INITIALIZATION][CLIENT][INFO] [crafttweaker | SIDE_CLIENT]: Skipping file {[0:contenttweaker]: contenttweaker\OrangePowder.zs} as we are currently loading with a different loader
[INITIALIZATION][CLIENT][INFO] [crafttweaker | SIDE_CLIENT]: Skipping file {[0:contenttweaker]: contenttweaker\OrangeWater.zs} as we are currently loading with a different loader
[INITIALIZATION][CLIENT][INFO] [crafttweaker | SIDE_CLIENT]: Skipping file {[0:contenttweaker]: contenttweaker\PinkPowder.zs} as we are currently loading with a different loader
[INITIALIZATION][CLIENT][INFO] [crafttweaker | SIDE_CLIENT]: Skipping file {[0:contenttweaker]: contenttweaker\PinkWater.zs} as we are currently loading with a different loader
[INITIALIZATION][CLIENT][INFO] [crafttweaker | SIDE_CLIENT]: Skipping file {[0:contenttweaker]: contenttweaker\RainbowPowder.zs} as we are currently loading with a different loader
[INITIALIZATION][CLIENT][INFO] [crafttweaker | SIDE_CLIENT]: Skipping file {[0:contenttweaker]: contenttweaker\RedPowder.zs} as we are currently loading with a different loader
[INITIALIZATION][CLIENT][INFO] [crafttweaker | SIDE_CLIENT]: Skipping file {[0:contenttweaker]: contenttweaker\RedWater.zs} as we are currently loading with a different loader
[INITIALIZATION][CLIENT][INFO] [crafttweaker | SIDE_CLIENT]: Skipping file {[0:contenttweaker]: contenttweaker\Smoke.zs} as we are currently loading with a different loader
[INITIALIZATION][CLIENT][INFO] [crafttweaker | SIDE_CLIENT]: Skipping file {[0:contenttweaker]: contenttweaker\UltiamateWater.zs} as we are currently loading with a different loader
[INITIALIZATION][CLIENT][INFO] [crafttweaker | SIDE_CLIENT]: Skipping file {[0:contenttweaker]: contenttweaker\VioletPowder.zs} as we are currently loading with a different loader
[INITIALIZATION][CLIENT][INFO] [crafttweaker | SIDE_CLIENT]: Skipping file {[0:contenttweaker]: contenttweaker\VioletWater.zs} as we are currently loading with a different loader
[INITIALIZATION][CLIENT][INFO] [crafttweaker | SIDE_CLIENT]: Skipping file {[0:contenttweaker]: contenttweaker\YellowPowder.zs} as we are currently loading with a different loader
[INITIALIZATION][CLIENT][INFO] [crafttweaker | SIDE_CLIENT]: Skipping file {[0:contenttweaker]: contenttweaker\YellowWater.zs} as we are currently loading with a different loader
[INITIALIZATION][CLIENT][INFO] [crafttweaker | SIDE_CLIENT]: Loading Script: {[0:crafttweaker]: CraftingTable.zs}
[INITIALIZATION][CLIENT][INFO] [crafttweaker | SIDE_CLIENT]: Loading Script: {[0:crafttweaker]: ExtendedCrafting.zs}
[INITIALIZATION][CLIENT][INFO] Adding a Table Crafting recipe for Soul Vial
[INITIALIZATION][CLIENT][INFO] Adding a Table Crafting recipe for Creative Wireless Crafting Terminal
[INITIALIZATION][CLIENT][INFO] Adding a Table Crafting recipe for Soul Vial
[INITIALIZATION][CLIENT][INFO] Adding a Table Crafting recipe for Transmutation Table
[INITIALIZATION][CLIENT][INFO] Adding a Table Crafting recipe for Transmutation Tablet
[INITIALIZATION][CLIENT][INFO] Adding a Table Crafting recipe for Multi Helmet
[INITIALIZATION][CLIENT][INFO] Adding a Table Crafting recipe for Multi Chestplate
[INITIALIZATION][CLIENT][INFO] Adding a Table Crafting recipe for Multi Leggings
[INITIALIZATION][CLIENT][INFO] Adding a Table Crafting recipe for Multi Boots
[INITIALIZATION][CLIENT][INFO] Removing all Table Crafting recipes for Crystaltine Ingot
[INITIALIZATION][CLIENT][INFO] Adding a Table Crafting recipe for Crystaltine Ingot
[INITIALIZATION][CLIENT][INFO] Adding a Table Crafting recipe for The Ultimate Ingot
[INITIALIZATION][CLIENT][INFO] Removing all Table Crafting recipes for The Ultimate Singularity
[INITIALIZATION][CLIENT][INFO] Adding a Table Crafting recipe for The Ultimate Singularity
[INITIALIZATION][CLIENT][INFO] Adding a Table Crafting recipe for Neutronium star
[INITIALIZATION][CLIENT][INFO] Adding a Compression Crafting recipe for Neutronium singularity
[INITIALIZATION][CLIENT][INFO] [crafttweaker | SIDE_CLIENT]: Loading Script: {[0:crafttweaker]: Extreme Crafting.zs}
[INITIALIZATION][CLIENT][INFO] Removing Extreme Recipe from Avaritia with the output of: Infinity Ingot
[INITIALIZATION][CLIENT][INFO] Adding Extreme recipe avaritia:craft_tweaker_shaped_0 for Infinity Ingot
[INITIALIZATION][CLIENT][INFO] Removing Extreme Recipe from Avaritia with the output of: Infinity Catalyst
[INITIALIZATION][CLIENT][INFO] Adding Extreme recipe minecraft:craft_tweaker/extreme/shapeless/infinity_catalyst for Infinity Catalyst
[INITIALIZATION][CLIENT][INFO] Removing Extreme Recipe from Avaritia with the output of: Infinity Helmet
[INITIALIZATION][CLIENT][INFO] Removing Extreme Recipe from Avaritia with the output of: Infinity Breastplate
[INITIALIZATION][CLIENT][INFO] Removing Extreme Recipe from Avaritia with the output of: Infinity Leggings
[INITIALIZATION][CLIENT][INFO] Removing Extreme Recipe from Avaritia with the output of: Infinity Boots
[INITIALIZATION][CLIENT][INFO] Adding a Table Crafting recipe for Infinity Helmet
[INITIALIZATION][CLIENT][INFO] Adding a Table Crafting recipe for Infinity Breastplate
[INITIALIZATION][CLIENT][INFO] Adding a Table Crafting recipe for Infinity Leggings
[INITIALIZATION][CLIENT][INFO] Adding a Table Crafting recipe for Infinity Boots
[INITIALIZATION][CLIENT][INFO] [crafttweaker | SIDE_CLIENT]: Loading Script: {[0:crafttweaker]: FireToItem.zs}
[INITIALIZATION][CLIENT][INFO] [crafttweaker | SIDE_CLIENT]: Loading Script: {[0:crafttweaker]: FluidToFluid.zs}
[INITIALIZATION][CLIENT][INFO] [crafttweaker | SIDE_CLIENT]: Loading Script: {[0:crafttweaker]: FuildToItem.zs}
[INITIALIZATION][CLIENT][ERROR] FuildToItem.zs:32 > could not find type ItemUltimateWater
[INITIALIZATION][CLIENT][ERROR] [crafttweaker | SIDE_CLIENT]: Error parsing FuildToItem.zs:43 -- Invalid expression, last token: >
[INITIALIZATION][CLIENT][INFO] [crafttweaker | SIDE_CLIENT]: Loading Script: {[0:crafttweaker]: Fusion Crafting.zs}
[INITIALIZATION][CLIENT][INFO] [crafttweaker | SIDE_CLIENT]: Loading Script: {[0:crafttweaker]: remove.zs}
[INITIALIZATION][CLIENT][INFO] Completed script loading in: 98ms
[POSTINITIALIZATION][CLIENT][INFO] Removing recipes for various outputs
[POSTINITIALIZATION][CLIENT][INFO] Adding shaped recipe for Blizz Powder with name ct_shaped1509418466
[POSTINITIALIZATION][CLIENT][INFO] Applying MrCrayfish's Furniture Mod changes...
[AVAILABLE][CLIENT][INFO] Fixed the RecipeBook
[SERVER_STARTED][SERVER][INFO] Loading scripts for loader with names [preinit]
[SERVER_STARTED][SERVER][INFO] Completed script loading in: 0ms
[SERVER_STARTED][SERVER][INFO] Loading scripts for loader with names [alchemistry]
[SERVER_STARTED][SERVER][INFO] Completed script loading in: 0ms
[SERVER_STARTED][SERVER][INFO] Loading scripts for loader with names [contenttweaker]
[SERVER_STARTED][SERVER][INFO] [contenttweaker | SIDE_CLIENT]: Loading Script: {[0:contenttweaker]: contenttweaker\BluePowder.zs}
[SERVER_STARTED][SERVER][INFO] [contenttweaker | SIDE_CLIENT]: Loading Script: {[0:contenttweaker]: contenttweaker\BlueWater.zs}
[SERVER_STARTED][SERVER][INFO] [contenttweaker | SIDE_CLIENT]: Loading Script: {[0:contenttweaker]: contenttweaker\Circeptre.zs}
[SERVER_STARTED][SERVER][ERROR] contenttweaker\Circeptre.zs:28 > not a valid lvalue
[SERVER_STARTED][SERVER][ERROR] contenttweaker\Circeptre.zs:36 > No such static member in crafttweaker.player.IPlayer: player
[SERVER_STARTED][SERVER][ERROR] contenttweaker\Circeptre.zs:36 > No such static member in mods.contenttweaker.World: world
[SERVER_STARTED][SERVER][INFO] [contenttweaker | SIDE_CLIENT]: Loading Script: {[0:contenttweaker]: contenttweaker\Empty_Powder.zs}
[SERVER_STARTED][SERVER][INFO] [contenttweaker | SIDE_CLIENT]: Loading Script: {[0:contenttweaker]: contenttweaker\GreenPowder.zs}
[SERVER_STARTED][SERVER][INFO] [contenttweaker | SIDE_CLIENT]: Loading Script: {[0:contenttweaker]: contenttweaker\GreenWater.zs}
[SERVER_STARTED][SERVER][INFO] [contenttweaker | SIDE_CLIENT]: Loading Script: {[0:contenttweaker]: contenttweaker\OrangePowder.zs}
[SERVER_STARTED][SERVER][INFO] [contenttweaker | SIDE_CLIENT]: Loading Script: {[0:contenttweaker]: contenttweaker\OrangeWater.zs}
[SERVER_STARTED][SERVER][INFO] [contenttweaker | SIDE_CLIENT]: Loading Script: {[0:contenttweaker]: contenttweaker\PinkPowder.zs}
[SERVER_STARTED][SERVER][INFO] [contenttweaker | SIDE_CLIENT]: Loading Script: {[0:contenttweaker]: contenttweaker\PinkWater.zs}
[SERVER_STARTED][SERVER][INFO] [contenttweaker | SIDE_CLIENT]: Loading Script: {[0:contenttweaker]: contenttweaker\RainbowPowder.zs}
[SERVER_STARTED][SERVER][INFO] [contenttweaker | SIDE_CLIENT]: Loading Script: {[0:contenttweaker]: contenttweaker\RedPowder.zs}
[SERVER_STARTED][SERVER][INFO] [contenttweaker | SIDE_CLIENT]: Loading Script: {[0:contenttweaker]: contenttweaker\RedWater.zs}
[SERVER_STARTED][SERVER][INFO] [contenttweaker | SIDE_CLIENT]: Loading Script: {[0:contenttweaker]: contenttweaker\Smoke.zs}
[SERVER_STARTED][SERVER][INFO] [contenttweaker | SIDE_CLIENT]: Loading Script: {[0:contenttweaker]: contenttweaker\UltiamateWater.zs}
[SERVER_STARTED][SERVER][INFO] [contenttweaker | SIDE_CLIENT]: Loading Script: {[0:contenttweaker]: contenttweaker\VioletPowder.zs}
[SERVER_STARTED][SERVER][INFO] [contenttweaker | SIDE_CLIENT]: Loading Script: {[0:contenttweaker]: contenttweaker\VioletWater.zs}
[SERVER_STARTED][SERVER][INFO] [contenttweaker | SIDE_CLIENT]: Loading Script: {[0:contenttweaker]: contenttweaker\YellowPowder.zs}
[SERVER_STARTED][SERVER][INFO] [contenttweaker | SIDE_CLIENT]: Loading Script: {[0:contenttweaker]: contenttweaker\YellowWater.zs}
[SERVER_STARTED][SERVER][INFO] Completed script loading in: 9ms
[SERVER_STARTED][SERVER][INFO] Loading scripts for loader with names [crafttweaker | recipeevent]
[SERVER_STARTED][SERVER][INFO] [crafttweaker | SIDE_CLIENT]: Loading Script: {[0:crafttweaker]: CraftingTable.zs}
[SERVER_STARTED][SERVER][INFO] [crafttweaker | SIDE_CLIENT]: Loading Script: {[0:crafttweaker]: ExtendedCrafting.zs}
[SERVER_STARTED][SERVER][INFO] [crafttweaker | SIDE_CLIENT]: Loading Script: {[0:crafttweaker]: Extreme Crafting.zs}
[SERVER_STARTED][SERVER][INFO] [crafttweaker | SIDE_CLIENT]: Loading Script: {[0:crafttweaker]: FireToItem.zs}
[SERVER_STARTED][SERVER][INFO] [crafttweaker | SIDE_CLIENT]: Loading Script: {[0:crafttweaker]: FluidToFluid.zs}
[SERVER_STARTED][SERVER][INFO] [crafttweaker | SIDE_CLIENT]: Loading Script: {[0:crafttweaker]: FuildToItem.zs}
[SERVER_STARTED][SERVER][ERROR] FuildToItem.zs:32 > could not find type ItemUltimateWater
[SERVER_STARTED][SERVER][ERROR] [crafttweaker | SIDE_CLIENT]: Error parsing FuildToItem.zs:43 -- Invalid expression, last token: >
[SERVER_STARTED][SERVER][INFO] [crafttweaker | SIDE_CLIENT]: Loading Script: {[0:crafttweaker]: Fusion Crafting.zs}
[SERVER_STARTED][SERVER][INFO] [crafttweaker | SIDE_CLIENT]: Loading Script: {[0:crafttweaker]: remove.zs}
[SERVER_STARTED][SERVER][INFO] Completed script loading in: 16ms
[SERVER_STARTED][SERVER][INFO] Loading scripts for loader with names [preinit]
[SERVER_STARTED][SERVER][INFO] Completed script loading in: 0ms
[SERVER_STARTED][SERVER][INFO] Loading scripts for loader with names [alchemistry]
[SERVER_STARTED][SERVER][INFO] Completed script loading in: 0ms
[SERVER_STARTED][SERVER][INFO] Loading scripts for loader with names [contenttweaker]
[SERVER_STARTED][SERVER][INFO] [contenttweaker | SIDE_CLIENT]: Loading Script: {[0:contenttweaker]: contenttweaker\BluePowder.zs}
[SERVER_STARTED][SERVER][INFO] [contenttweaker | SIDE_CLIENT]: Loading Script: {[0:contenttweaker]: contenttweaker\BlueWater.zs}
[SERVER_STARTED][SERVER][INFO] [contenttweaker | SIDE_CLIENT]: Loading Script: {[0:contenttweaker]: contenttweaker\Circeptre.zs}
[SERVER_STARTED][SERVER][ERROR] contenttweaker\Circeptre.zs:28 > not a valid lvalue
[SERVER_STARTED][SERVER][ERROR] contenttweaker\Circeptre.zs:36 > No such static member in crafttweaker.player.IPlayer: player
[SERVER_STARTED][SERVER][ERROR] contenttweaker\Circeptre.zs:36 > No such static member in mods.contenttweaker.World: world
[SERVER_STARTED][SERVER][INFO] [contenttweaker | SIDE_CLIENT]: Loading Script: {[0:contenttweaker]: contenttweaker\Empty_Powder.zs}
[SERVER_STARTED][SERVER][INFO] [contenttweaker | SIDE_CLIENT]: Loading Script: {[0:contenttweaker]: contenttweaker\GreenPowder.zs}
[SERVER_STARTED][SERVER][INFO] [contenttweaker | SIDE_CLIENT]: Loading Script: {[0:contenttweaker]: contenttweaker\GreenWater.zs}
[SERVER_STARTED][SERVER][INFO] [contenttweaker | SIDE_CLIENT]: Loading Script: {[0:contenttweaker]: contenttweaker\OrangePowder.zs}
[SERVER_STARTED][SERVER][INFO] [contenttweaker | SIDE_CLIENT]: Loading Script: {[0:contenttweaker]: contenttweaker\OrangeWater.zs}
[SERVER_STARTED][SERVER][INFO] [contenttweaker | SIDE_CLIENT]: Loading Script: {[0:contenttweaker]: contenttweaker\PinkPowder.zs}
[SERVER_STARTED][SERVER][INFO] [contenttweaker | SIDE_CLIENT]: Loading Script: {[0:contenttweaker]: contenttweaker\PinkWater.zs}
[SERVER_STARTED][SERVER][INFO] [contenttweaker | SIDE_CLIENT]: Loading Script: {[0:contenttweaker]: contenttweaker\RainbowPowder.zs}
[SERVER_STARTED][SERVER][INFO] [contenttweaker | SIDE_CLIENT]: Loading Script: {[0:contenttweaker]: contenttweaker\RedPowder.zs}
[SERVER_STARTED][SERVER][INFO] [contenttweaker | SIDE_CLIENT]: Loading Script: {[0:contenttweaker]: contenttweaker\RedWater.zs}
[SERVER_STARTED][SERVER][INFO] [contenttweaker | SIDE_CLIENT]: Loading Script: {[0:contenttweaker]: contenttweaker\Smoke.zs}
[SERVER_STARTED][SERVER][INFO] [contenttweaker | SIDE_CLIENT]: Loading Script: {[0:contenttweaker]: contenttweaker\UltiamateWater.zs}
[SERVER_STARTED][SERVER][INFO] [contenttweaker | SIDE_CLIENT]: Loading Script: {[0:contenttweaker]: contenttweaker\VioletPowder.zs}
[SERVER_STARTED][SERVER][INFO] [contenttweaker | SIDE_CLIENT]: Loading Script: {[0:contenttweaker]: contenttweaker\VioletWater.zs}
[SERVER_STARTED][SERVER][INFO] [contenttweaker | SIDE_CLIENT]: Loading Script: {[0:contenttweaker]: contenttweaker\YellowPowder.zs}
[SERVER_STARTED][SERVER][INFO] [contenttweaker | SIDE_CLIENT]: Loading Script: {[0:contenttweaker]: contenttweaker\YellowWater.zs}
[SERVER_STARTED][SERVER][INFO] Completed script loading in: 5ms
[SERVER_STARTED][SERVER][INFO] Loading scripts for loader with names [crafttweaker | recipeevent]
[SERVER_STARTED][SERVER][INFO] [crafttweaker | SIDE_CLIENT]: Loading Script: {[0:crafttweaker]: CraftingTable.zs}
[SERVER_STARTED][SERVER][INFO] [crafttweaker | SIDE_CLIENT]: Loading Script: {[0:crafttweaker]: ExtendedCrafting.zs}
[SERVER_STARTED][SERVER][INFO] [crafttweaker | SIDE_CLIENT]: Loading Script: {[0:crafttweaker]: Extreme Crafting.zs}
[SERVER_STARTED][SERVER][INFO] [crafttweaker | SIDE_CLIENT]: Loading Script: {[0:crafttweaker]: FireToItem.zs}
[SERVER_STARTED][SERVER][INFO] [crafttweaker | SIDE_CLIENT]: Loading Script: {[0:crafttweaker]: FluidToFluid.zs}
[SERVER_STARTED][SERVER][INFO] [crafttweaker | SIDE_CLIENT]: Loading Script: {[0:crafttweaker]: FuildToItem.zs}
[SERVER_STARTED][SERVER][ERROR] FuildToItem.zs:32 > could not find type fluidUltimateWater
[SERVER_STARTED][SERVER][ERROR] [crafttweaker | SIDE_CLIENT]: Error parsing FuildToItem.zs:43 -- Invalid expression, last token: >
[SERVER_STARTED][SERVER][INFO] [crafttweaker | SIDE_CLIENT]: Loading Script: {[0:crafttweaker]: Fusion Crafting.zs}
[SERVER_STARTED][SERVER][INFO] [crafttweaker | SIDE_CLIENT]: Loading Script: {[0:crafttweaker]: remove.zs}
[SERVER_STARTED][SERVER][INFO] Completed script loading in: 14ms
[SERVER_STARTED][SERVER][INFO] Loading scripts for loader with names [preinit]
[SERVER_STARTED][SERVER][INFO] Completed script loading in: 0ms
[SERVER_STARTED][SERVER][INFO] Loading scripts for loader with names [alchemistry]
[SERVER_STARTED][SERVER][INFO] Completed script loading in: 0ms
[SERVER_STARTED][SERVER][INFO] Loading scripts for loader with names [contenttweaker]
[SERVER_STARTED][SERVER][INFO] [contenttweaker | SIDE_CLIENT]: Loading Script: {[0:contenttweaker]: contenttweaker\BluePowder.zs}
[SERVER_STARTED][SERVER][INFO] [contenttweaker | SIDE_CLIENT]: Loading Script: {[0:contenttweaker]: contenttweaker\BlueWater.zs}
[SERVER_STARTED][SERVER][INFO] [contenttweaker | SIDE_CLIENT]: Loading Script: {[0:contenttweaker]: contenttweaker\Circeptre.zs}
[SERVER_STARTED][SERVER][ERROR] contenttweaker\Circeptre.zs:28 > not a valid lvalue
[SERVER_STARTED][SERVER][ERROR] contenttweaker\Circeptre.zs:36 > No such static member in crafttweaker.player.IPlayer: player
[SERVER_STARTED][SERVER][ERROR] contenttweaker\Circeptre.zs:36 > No such static member in mods.contenttweaker.World: world
[SERVER_STARTED][SERVER][INFO] [contenttweaker | SIDE_CLIENT]: Loading Script: {[0:contenttweaker]: contenttweaker\Empty_Powder.zs}
[SERVER_STARTED][SERVER][INFO] [contenttweaker | SIDE_CLIENT]: Loading Script: {[0:contenttweaker]: contenttweaker\GreenPowder.zs}
[SERVER_STARTED][SERVER][INFO] [contenttweaker | SIDE_CLIENT]: Loading Script: {[0:contenttweaker]: contenttweaker\GreenWater.zs}
[SERVER_STARTED][SERVER][INFO] [contenttweaker | SIDE_CLIENT]: Loading Script: {[0:contenttweaker]: contenttweaker\OrangePowder.zs}
[SERVER_STARTED][SERVER][INFO] [contenttweaker | SIDE_CLIENT]: Loading Script: {[0:contenttweaker]: contenttweaker\OrangeWater.zs}
[SERVER_STARTED][SERVER][INFO] [contenttweaker | SIDE_CLIENT]: Loading Script: {[0:contenttweaker]: contenttweaker\PinkPowder.zs}
[SERVER_STARTED][SERVER][INFO] [contenttweaker | SIDE_CLIENT]: Loading Script: {[0:contenttweaker]: contenttweaker\PinkWater.zs}
[SERVER_STARTED][SERVER][INFO] [contenttweaker | SIDE_CLIENT]: Loading Script: {[0:contenttweaker]: contenttweaker\RainbowPowder.zs}
[SERVER_STARTED][SERVER][INFO] [contenttweaker | SIDE_CLIENT]: Loading Script: {[0:contenttweaker]: contenttweaker\RedPowder.zs}
[SERVER_STARTED][SERVER][INFO] [contenttweaker | SIDE_CLIENT]: Loading Script: {[0:contenttweaker]: contenttweaker\RedWater.zs}
[SERVER_STARTED][SERVER][INFO] [contenttweaker | SIDE_CLIENT]: Loading Script: {[0:contenttweaker]: contenttweaker\Smoke.zs}
[SERVER_STARTED][SERVER][INFO] [contenttweaker | SIDE_CLIENT]: Loading Script: {[0:contenttweaker]: contenttweaker\UltiamateWater.zs}
[SERVER_STARTED][SERVER][INFO] [contenttweaker | SIDE_CLIENT]: Loading Script: {[0:contenttweaker]: contenttweaker\VioletPowder.zs}
[SERVER_STARTED][SERVER][INFO] [contenttweaker | SIDE_CLIENT]: Loading Script: {[0:contenttweaker]: contenttweaker\VioletWater.zs}
[SERVER_STARTED][SERVER][INFO] [contenttweaker | SIDE_CLIENT]: Loading Script: {[0:contenttweaker]: contenttweaker\YellowPowder.zs}
[SERVER_STARTED][SERVER][INFO] [contenttweaker | SIDE_CLIENT]: Loading Script: {[0:contenttweaker]: contenttweaker\YellowWater.zs}
[SERVER_STARTED][SERVER][INFO] Completed script loading in: 6ms
[SERVER_STARTED][SERVER][INFO] Loading scripts for loader with names [crafttweaker | recipeevent]
[SERVER_STARTED][SERVER][INFO] [crafttweaker | SIDE_CLIENT]: Loading Script: {[0:crafttweaker]: CraftingTable.zs}
[SERVER_STARTED][SERVER][INFO] [crafttweaker | SIDE_CLIENT]: Loading Script: {[0:crafttweaker]: ExtendedCrafting.zs}
[SERVER_STARTED][SERVER][INFO] [crafttweaker | SIDE_CLIENT]: Loading Script: {[0:crafttweaker]: Extreme Crafting.zs}
[SERVER_STARTED][SERVER][INFO] [crafttweaker | SIDE_CLIENT]: Loading Script: {[0:crafttweaker]: FireToItem.zs}
[SERVER_STARTED][SERVER][INFO] [crafttweaker | SIDE_CLIENT]: Loading Script: {[0:crafttweaker]: FluidToFluid.zs}
[SERVER_STARTED][SERVER][INFO] [crafttweaker | SIDE_CLIENT]: Loading Script: {[0:crafttweaker]: FuildToItem.zs}
[SERVER_STARTED][SERVER][ERROR] [crafttweaker | SIDE_CLIENT]: Error parsing FuildToItem.zs:42 -- Invalid expression, last token: >
[SERVER_STARTED][SERVER][INFO] [crafttweaker | SIDE_CLIENT]: Loading Script: {[0:crafttweaker]: Fusion Crafting.zs}
[SERVER_STARTED][SERVER][INFO] [crafttweaker | SIDE_CLIENT]: Loading Script: {[0:crafttweaker]: remove.zs}
[SERVER_STARTED][SERVER][INFO] Completed script loading in: 14ms
[SERVER_STARTED][SERVER][INFO] Loading scripts for loader with names [preinit]
[SERVER_STARTED][SERVER][INFO] Completed script loading in: 0ms
[SERVER_STARTED][SERVER][INFO] Loading scripts for loader with names [alchemistry]
[SERVER_STARTED][SERVER][INFO] Completed script loading in: 0ms
[SERVER_STARTED][SERVER][INFO] Loading scripts for loader with names [contenttweaker]
[SERVER_STARTED][SERVER][INFO] [contenttweaker | SIDE_CLIENT]: Loading Script: {[0:contenttweaker]: contenttweaker\BluePowder.zs}
[SERVER_STARTED][SERVER][INFO] [contenttweaker | SIDE_CLIENT]: Loading Script: {[0:contenttweaker]: contenttweaker\BlueWater.zs}
[SERVER_STARTED][SERVER][INFO] [contenttweaker | SIDE_CLIENT]: Loading Script: {[0:contenttweaker]: contenttweaker\Circeptre.zs}
[SERVER_STARTED][SERVER][ERROR] contenttweaker\Circeptre.zs:28 > not a valid lvalue
[SERVER_STARTED][SERVER][ERROR] contenttweaker\Circeptre.zs:36 > No such static member in crafttweaker.player.IPlayer: player
[SERVER_STARTED][SERVER][ERROR] contenttweaker\Circeptre.zs:36 > No such static member in mods.contenttweaker.World: world
[SERVER_STARTED][SERVER][INFO] [contenttweaker | SIDE_CLIENT]: Loading Script: {[0:contenttweaker]: contenttweaker\Empty_Powder.zs}
[SERVER_STARTED][SERVER][INFO] [contenttweaker | SIDE_CLIENT]: Loading Script: {[0:contenttweaker]: contenttweaker\GreenPowder.zs}
[SERVER_STARTED][SERVER][INFO] [contenttweaker | SIDE_CLIENT]: Loading Script: {[0:contenttweaker]: contenttweaker\GreenWater.zs}
[SERVER_STARTED][SERVER][INFO] [contenttweaker | SIDE_CLIENT]: Loading Script: {[0:contenttweaker]: contenttweaker\OrangePowder.zs}
[SERVER_STARTED][SERVER][INFO] [contenttweaker | SIDE_CLIENT]: Loading Script: {[0:contenttweaker]: contenttweaker\OrangeWater.zs}
[SERVER_STARTED][SERVER][INFO] [contenttweaker | SIDE_CLIENT]: Loading Script: {[0:contenttweaker]: contenttweaker\PinkPowder.zs}
[SERVER_STARTED][SERVER][INFO] [contenttweaker | SIDE_CLIENT]: Loading Script: {[0:contenttweaker]: contenttweaker\PinkWater.zs}
[SERVER_STARTED][SERVER][INFO] [contenttweaker | SIDE_CLIENT]: Loading Script: {[0:contenttweaker]: contenttweaker\RainbowPowder.zs}
[SERVER_STARTED][SERVER][INFO] [contenttweaker | SIDE_CLIENT]: Loading Script: {[0:contenttweaker]: contenttweaker\RedPowder.zs}
[SERVER_STARTED][SERVER][INFO] [contenttweaker | SIDE_CLIENT]: Loading Script: {[0:contenttweaker]: contenttweaker\RedWater.zs}
[SERVER_STARTED][SERVER][INFO] [contenttweaker | SIDE_CLIENT]: Loading Script: {[0:contenttweaker]: contenttweaker\Smoke.zs}
[SERVER_STARTED][SERVER][INFO] [contenttweaker | SIDE_CLIENT]: Loading Script: {[0:contenttweaker]: contenttweaker\UltiamateWater.zs}
[SERVER_STARTED][SERVER][INFO] [contenttweaker | SIDE_CLIENT]: Loading Script: {[0:contenttweaker]: contenttweaker\VioletPowder.zs}
[SERVER_STARTED][SERVER][INFO] [contenttweaker | SIDE_CLIENT]: Loading Script: {[0:contenttweaker]: contenttweaker\VioletWater.zs}
[SERVER_STARTED][SERVER][INFO] [contenttweaker | SIDE_CLIENT]: Loading Script: {[0:contenttweaker]: contenttweaker\YellowPowder.zs}
[SERVER_STARTED][SERVER][INFO] [contenttweaker | SIDE_CLIENT]: Loading Script: {[0:contenttweaker]: contenttweaker\YellowWater.zs}
[SERVER_STARTED][SERVER][INFO] Completed script loading in: 6ms
[SERVER_STARTED][SERVER][INFO] Loading scripts for loader with names [crafttweaker | recipeevent]
[SERVER_STARTED][SERVER][INFO] [crafttweaker | SIDE_CLIENT]: Loading Script: {[0:crafttweaker]: CraftingTable.zs}
[SERVER_STARTED][SERVER][INFO] [crafttweaker | SIDE_CLIENT]: Loading Script: {[0:crafttweaker]: ExtendedCrafting.zs}
[SERVER_STARTED][SERVER][INFO] [crafttweaker | SIDE_CLIENT]: Loading Script: {[0:crafttweaker]: Extreme Crafting.zs}
[SERVER_STARTED][SERVER][INFO] [crafttweaker | SIDE_CLIENT]: Loading Script: {[0:crafttweaker]: FireToItem.zs}
[SERVER_STARTED][SERVER][INFO] [crafttweaker | SIDE_CLIENT]: Loading Script: {[0:crafttweaker]: FluidToFluid.zs}
[SERVER_STARTED][SERVER][INFO] [crafttweaker | SIDE_CLIENT]: Loading Script: {[0:crafttweaker]: FuildToItem.zs}
[SERVER_STARTED][SERVER][ERROR] [crafttweaker | SIDE_CLIENT]: Error parsing FuildToItem.zs:42 -- Invalid expression, last token: >
[SERVER_STARTED][SERVER][INFO] [crafttweaker | SIDE_CLIENT]: Loading Script: {[0:crafttweaker]: Fusion Crafting.zs}
[SERVER_STARTED][SERVER][INFO] [crafttweaker | SIDE_CLIENT]: Loading Script: {[0:crafttweaker]: remove.zs}
[SERVER_STARTED][SERVER][INFO] Completed script loading in: 10ms
[SERVER_STARTED][SERVER][INFO] Loading scripts for loader with names [preinit]
[SERVER_STARTED][SERVER][INFO] Completed script loading in: 0ms
[SERVER_STARTED][SERVER][INFO] Loading scripts for loader with names [alchemistry]
[SERVER_STARTED][SERVER][INFO] Completed script loading in: 0ms
[SERVER_STARTED][SERVER][INFO] Loading scripts for loader with names [contenttweaker]
[SERVER_STARTED][SERVER][INFO] [contenttweaker | SIDE_CLIENT]: Loading Script: {[0:contenttweaker]: contenttweaker\BluePowder.zs}
[SERVER_STARTED][SERVER][INFO] [contenttweaker | SIDE_CLIENT]: Loading Script: {[0:contenttweaker]: contenttweaker\BlueWater.zs}
[SERVER_STARTED][SERVER][INFO] [contenttweaker | SIDE_CLIENT]: Loading Script: {[0:contenttweaker]: contenttweaker\Circeptre.zs}
[SERVER_STARTED][SERVER][ERROR] contenttweaker\Circeptre.zs:28 > not a valid lvalue
[SERVER_STARTED][SERVER][ERROR] contenttweaker\Circeptre.zs:36 > No such static member in crafttweaker.player.IPlayer: player
[SERVER_STARTED][SERVER][ERROR] contenttweaker\Circeptre.zs:36 > No such static member in mods.contenttweaker.World: world
[SERVER_STARTED][SERVER][INFO] [contenttweaker | SIDE_CLIENT]: Loading Script: {[0:contenttweaker]: contenttweaker\Empty_Powder.zs}
[SERVER_STARTED][SERVER][INFO] [contenttweaker | SIDE_CLIENT]: Loading Script: {[0:contenttweaker]: contenttweaker\GreenPowder.zs}
[SERVER_STARTED][SERVER][INFO] [contenttweaker | SIDE_CLIENT]: Loading Script: {[0:contenttweaker]: contenttweaker\GreenWater.zs}
[SERVER_STARTED][SERVER][INFO] [contenttweaker | SIDE_CLIENT]: Loading Script: {[0:contenttweaker]: contenttweaker\OrangePowder.zs}
[SERVER_STARTED][SERVER][INFO] [contenttweaker | SIDE_CLIENT]: Loading Script: {[0:contenttweaker]: contenttweaker\OrangeWater.zs}
[SERVER_STARTED][SERVER][INFO] [contenttweaker | SIDE_CLIENT]: Loading Script: {[0:contenttweaker]: contenttweaker\PinkPowder.zs}
[SERVER_STARTED][SERVER][INFO] [contenttweaker | SIDE_CLIENT]: Loading Script: {[0:contenttweaker]: contenttweaker\PinkWater.zs}
[SERVER_STARTED][SERVER][INFO] [contenttweaker | SIDE_CLIENT]: Loading Script: {[0:contenttweaker]: contenttweaker\RainbowPowder.zs}
[SERVER_STARTED][SERVER][INFO] [contenttweaker | SIDE_CLIENT]: Loading Script: {[0:contenttweaker]: contenttweaker\RedPowder.zs}
[SERVER_STARTED][SERVER][INFO] [contenttweaker | SIDE_CLIENT]: Loading Script: {[0:contenttweaker]: contenttweaker\RedWater.zs}
[SERVER_STARTED][SERVER][INFO] [contenttweaker | SIDE_CLIENT]: Loading Script: {[0:contenttweaker]: contenttweaker\Smoke.zs}
[SERVER_STARTED][SERVER][INFO] [contenttweaker | SIDE_CLIENT]: Loading Script: {[0:contenttweaker]: contenttweaker\UltiamateWater.zs}
[SERVER_STARTED][SERVER][INFO] [contenttweaker | SIDE_CLIENT]: Loading Script: {[0:contenttweaker]: contenttweaker\VioletPowder.zs}
[SERVER_STARTED][SERVER][INFO] [contenttweaker | SIDE_CLIENT]: Loading Script: {[0:contenttweaker]: contenttweaker\VioletWater.zs}
[SERVER_STARTED][SERVER][INFO] [contenttweaker | SIDE_CLIENT]: Loading Script: {[0:contenttweaker]: contenttweaker\YellowPowder.zs}
[SERVER_STARTED][SERVER][INFO] [contenttweaker | SIDE_CLIENT]: Loading Script: {[0:contenttweaker]: contenttweaker\YellowWater.zs}
[SERVER_STARTED][SERVER][INFO] Completed script loading in: 4ms
[SERVER_STARTED][SERVER][INFO] Loading scripts for loader with names [crafttweaker | recipeevent]
[SERVER_STARTED][SERVER][INFO] [crafttweaker | SIDE_CLIENT]: Loading Script: {[0:crafttweaker]: CraftingTable.zs}
[SERVER_STARTED][SERVER][INFO] [crafttweaker | SIDE_CLIENT]: Loading Script: {[0:crafttweaker]: ExtendedCrafting.zs}
[SERVER_STARTED][SERVER][INFO] [crafttweaker | SIDE_CLIENT]: Loading Script: {[0:crafttweaker]: Extreme Crafting.zs}
[SERVER_STARTED][SERVER][INFO] [crafttweaker | SIDE_CLIENT]: Loading Script: {[0:crafttweaker]: FireToItem.zs}
[SERVER_STARTED][SERVER][INFO] [crafttweaker | SIDE_CLIENT]: Loading Script: {[0:crafttweaker]: FluidToFluid.zs}
[SERVER_STARTED][SERVER][INFO] [crafttweaker | SIDE_CLIENT]: Loading Script: {[0:crafttweaker]: FuildToItem.zs}
[SERVER_STARTED][SERVER][ERROR] [crafttweaker | SIDE_CLIENT]: Error parsing FuildToItem.zs:43 -- Invalid expression, last token: val
[SERVER_STARTED][SERVER][INFO] [crafttweaker | SIDE_CLIENT]: Loading Script: {[0:crafttweaker]: Fusion Crafting.zs}
[SERVER_STARTED][SERVER][INFO] [crafttweaker | SIDE_CLIENT]: Loading Script: {[0:crafttweaker]: remove.zs}
[SERVER_STARTED][SERVER][INFO] Completed script loading in: 9ms
[SERVER_STARTED][SERVER][INFO] Loading scripts for loader with names [preinit]
[SERVER_STARTED][SERVER][INFO] Completed script loading in: 0ms
[SERVER_STARTED][SERVER][INFO] Loading scripts for loader with names [alchemistry]
[SERVER_STARTED][SERVER][INFO] Completed script loading in: 0ms
[SERVER_STARTED][SERVER][INFO] Loading scripts for loader with names [contenttweaker]
[SERVER_STARTED][SERVER][INFO] [contenttweaker | SIDE_CLIENT]: Loading Script: {[0:contenttweaker]: contenttweaker\BluePowder.zs}
[SERVER_STARTED][SERVER][INFO] [contenttweaker | SIDE_CLIENT]: Loading Script: {[0:contenttweaker]: contenttweaker\BlueWater.zs}
[SERVER_STARTED][SERVER][INFO] [contenttweaker | SIDE_CLIENT]: Loading Script: {[0:contenttweaker]: contenttweaker\Circeptre.zs}
[SERVER_STARTED][SERVER][ERROR] contenttweaker\Circeptre.zs:28 > not a valid lvalue
[SERVER_STARTED][SERVER][ERROR] contenttweaker\Circeptre.zs:36 > No such static member in crafttweaker.player.IPlayer: player
[SERVER_STARTED][SERVER][ERROR] contenttweaker\Circeptre.zs:36 > No such static member in mods.contenttweaker.World: world
[SERVER_STARTED][SERVER][INFO] [contenttweaker | SIDE_CLIENT]: Loading Script: {[0:contenttweaker]: contenttweaker\Empty_Powder.zs}
[SERVER_STARTED][SERVER][INFO] [contenttweaker | SIDE_CLIENT]: Loading Script: {[0:contenttweaker]: contenttweaker\GreenPowder.zs}
[SERVER_STARTED][SERVER][INFO] [contenttweaker | SIDE_CLIENT]: Loading Script: {[0:contenttweaker]: contenttweaker\GreenWater.zs}
[SERVER_STARTED][SERVER][INFO] [contenttweaker | SIDE_CLIENT]: Loading Script: {[0:contenttweaker]: contenttweaker\OrangePowder.zs}
[SERVER_STARTED][SERVER][INFO] [contenttweaker | SIDE_CLIENT]: Loading Script: {[0:contenttweaker]: contenttweaker\OrangeWater.zs}
[SERVER_STARTED][SERVER][INFO] [contenttweaker | SIDE_CLIENT]: Loading Script: {[0:contenttweaker]: contenttweaker\PinkPowder.zs}
[SERVER_STARTED][SERVER][INFO] [contenttweaker | SIDE_CLIENT]: Loading Script: {[0:contenttweaker]: contenttweaker\PinkWater.zs}
[SERVER_STARTED][SERVER][INFO] [contenttweaker | SIDE_CLIENT]: Loading Script: {[0:contenttweaker]: contenttweaker\RainbowPowder.zs}
[SERVER_STARTED][SERVER][INFO] [contenttweaker | SIDE_CLIENT]: Loading Script: {[0:contenttweaker]: contenttweaker\RedPowder.zs}
[SERVER_STARTED][SERVER][INFO] [contenttweaker | SIDE_CLIENT]: Loading Script: {[0:contenttweaker]: contenttweaker\RedWater.zs}
[SERVER_STARTED][SERVER][INFO] [contenttweaker | SIDE_CLIENT]: Loading Script: {[0:contenttweaker]: contenttweaker\Smoke.zs}
[SERVER_STARTED][SERVER][INFO] [contenttweaker | SIDE_CLIENT]: Loading Script: {[0:contenttweaker]: contenttweaker\UltiamateWater.zs}
[SERVER_STARTED][SERVER][INFO] [contenttweaker | SIDE_CLIENT]: Loading Script: {[0:contenttweaker]: contenttweaker\VioletPowder.zs}
[SERVER_STARTED][SERVER][INFO] [contenttweaker | SIDE_CLIENT]: Loading Script: {[0:contenttweaker]: contenttweaker\VioletWater.zs}
[SERVER_STARTED][SERVER][INFO] [contenttweaker | SIDE_CLIENT]: Loading Script: {[0:contenttweaker]: contenttweaker\YellowPowder.zs}
[SERVER_STARTED][SERVER][INFO] [contenttweaker | SIDE_CLIENT]: Loading Script: {[0:contenttweaker]: contenttweaker\YellowWater.zs}
[SERVER_STARTED][SERVER][INFO] Completed script loading in: 5ms
[SERVER_STARTED][SERVER][INFO] Loading scripts for loader with names [crafttweaker | recipeevent]
[SERVER_STARTED][SERVER][INFO] [crafttweaker | SIDE_CLIENT]: Loading Script: {[0:crafttweaker]: CraftingTable.zs}
[SERVER_STARTED][SERVER][INFO] [crafttweaker | SIDE_CLIENT]: Loading Script: {[0:crafttweaker]: ExtendedCrafting.zs}
[SERVER_STARTED][SERVER][INFO] [crafttweaker | SIDE_CLIENT]: Loading Script: {[0:crafttweaker]: Extreme Crafting.zs}
[SERVER_STARTED][SERVER][INFO] [crafttweaker | SIDE_CLIENT]: Loading Script: {[0:crafttweaker]: FireToItem.zs}
[SERVER_STARTED][SERVER][INFO] [crafttweaker | SIDE_CLIENT]: Loading Script: {[0:crafttweaker]: FluidToFluid.zs}
[SERVER_STARTED][SERVER][INFO] [crafttweaker | SIDE_CLIENT]: Loading Script: {[0:crafttweaker]: FuildToItem.zs}
[SERVER_STARTED][SERVER][ERROR] [crafttweaker | SIDE_CLIENT]: Error parsing FuildToItem.zs:43 -- Invalid expression, last token: val
[SERVER_STARTED][SERVER][INFO] [crafttweaker | SIDE_CLIENT]: Loading Script: {[0:crafttweaker]: Fusion Crafting.zs}
[SERVER_STARTED][SERVER][INFO] [crafttweaker | SIDE_CLIENT]: Loading Script: {[0:crafttweaker]: remove.zs}
[SERVER_STARTED][SERVER][INFO] Completed script loading in: 7ms
[SERVER_STARTED][SERVER][INFO] Loading scripts for loader with names [preinit]
[SERVER_STARTED][SERVER][INFO] Completed script loading in: 0ms
[SERVER_STARTED][SERVER][INFO] Loading scripts for loader with names [alchemistry]
[SERVER_STARTED][SERVER][INFO] Completed script loading in: 0ms
[SERVER_STARTED][SERVER][INFO] Loading scripts for loader with names [contenttweaker]
[SERVER_STARTED][SERVER][INFO] [contenttweaker | SIDE_CLIENT]: Loading Script: {[0:contenttweaker]: contenttweaker\BluePowder.zs}
[SERVER_STARTED][SERVER][INFO] [contenttweaker | SIDE_CLIENT]: Loading Script: {[0:contenttweaker]: contenttweaker\BlueWater.zs}
[SERVER_STARTED][SERVER][INFO] [contenttweaker | SIDE_CLIENT]: Loading Script: {[0:contenttweaker]: contenttweaker\Circeptre.zs}
[SERVER_STARTED][SERVER][ERROR] contenttweaker\Circeptre.zs:28 > not a valid lvalue
[SERVER_STARTED][SERVER][ERROR] contenttweaker\Circeptre.zs:36 > No such static member in crafttweaker.player.IPlayer: player
[SERVER_STARTED][SERVER][ERROR] contenttweaker\Circeptre.zs:36 > No such static member in mods.contenttweaker.World: world
[SERVER_STARTED][SERVER][INFO] [contenttweaker | SIDE_CLIENT]: Loading Script: {[0:contenttweaker]: contenttweaker\Empty_Powder.zs}
[SERVER_STARTED][SERVER][INFO] [contenttweaker | SIDE_CLIENT]: Loading Script: {[0:contenttweaker]: contenttweaker\GreenPowder.zs}
[SERVER_STARTED][SERVER][INFO] [contenttweaker | SIDE_CLIENT]: Loading Script: {[0:contenttweaker]: contenttweaker\GreenWater.zs}
[SERVER_STARTED][SERVER][INFO] [contenttweaker | SIDE_CLIENT]: Loading Script: {[0:contenttweaker]: contenttweaker\OrangePowder.zs}
[SERVER_STARTED][SERVER][INFO] [contenttweaker | SIDE_CLIENT]: Loading Script: {[0:contenttweaker]: contenttweaker\OrangeWater.zs}
[SERVER_STARTED][SERVER][INFO] [contenttweaker | SIDE_CLIENT]: Loading Script: {[0:contenttweaker]: contenttweaker\PinkPowder.zs}
[SERVER_STARTED][SERVER][INFO] [contenttweaker | SIDE_CLIENT]: Loading Script: {[0:contenttweaker]: contenttweaker\PinkWater.zs}
[SERVER_STARTED][SERVER][INFO] [contenttweaker | SIDE_CLIENT]: Loading Script: {[0:contenttweaker]: contenttweaker\RainbowPowder.zs}
[SERVER_STARTED][SERVER][INFO] [contenttweaker | SIDE_CLIENT]: Loading Script: {[0:contenttweaker]: contenttweaker\RedPowder.zs}
[SERVER_STARTED][SERVER][INFO] [contenttweaker | SIDE_CLIENT]: Loading Script: {[0:contenttweaker]: contenttweaker\RedWater.zs}
[SERVER_STARTED][SERVER][INFO] [contenttweaker | SIDE_CLIENT]: Loading Script: {[0:contenttweaker]: contenttweaker\Smoke.zs}
[SERVER_STARTED][SERVER][INFO] [contenttweaker | SIDE_CLIENT]: Loading Script: {[0:contenttweaker]: contenttweaker\UltiamateWater.zs}
[SERVER_STARTED][SERVER][INFO] [contenttweaker | SIDE_CLIENT]: Loading Script: {[0:contenttweaker]: contenttweaker\VioletPowder.zs}
[SERVER_STARTED][SERVER][INFO] [contenttweaker | SIDE_CLIENT]: Loading Script: {[0:contenttweaker]: contenttweaker\VioletWater.zs}
[SERVER_STARTED][SERVER][INFO] [contenttweaker | SIDE_CLIENT]: Loading Script: {[0:contenttweaker]: contenttweaker\YellowPowder.zs}
[SERVER_STARTED][SERVER][INFO] [contenttweaker | SIDE_CLIENT]: Loading Script: {[0:contenttweaker]: contenttweaker\YellowWater.zs}
[SERVER_STARTED][SERVER][INFO] Completed script loading in: 5ms
[SERVER_STARTED][SERVER][INFO] Loading scripts for loader with names [crafttweaker | recipeevent]
[SERVER_STARTED][SERVER][INFO] [crafttweaker | SIDE_CLIENT]: Loading Script: {[0:crafttweaker]: CraftingTable.zs}
[SERVER_STARTED][SERVER][INFO] [crafttweaker | SIDE_CLIENT]: Loading Script: {[0:crafttweaker]: ExtendedCrafting.zs}
[SERVER_STARTED][SERVER][INFO] [crafttweaker | SIDE_CLIENT]: Loading Script: {[0:crafttweaker]: Extreme Crafting.zs}
[SERVER_STARTED][SERVER][INFO] [crafttweaker | SIDE_CLIENT]: Loading Script: {[0:crafttweaker]: FireToItem.zs}
[SERVER_STARTED][SERVER][INFO] [crafttweaker | SIDE_CLIENT]: Loading Script: {[0:crafttweaker]: FluidToFluid.zs}
[SERVER_STARTED][SERVER][INFO] [crafttweaker | SIDE_CLIENT]: Loading Script: {[0:crafttweaker]: FuildToItem.zs}
[SERVER_STARTED][SERVER][ERROR] [crafttweaker | SIDE_CLIENT]: Error parsing FuildToItem.zs:42 -- Invalid expression, last token: >
[SERVER_STARTED][SERVER][INFO] [crafttweaker | SIDE_CLIENT]: Loading Script: {[0:crafttweaker]: Fusion Crafting.zs}
[SERVER_STARTED][SERVER][INFO] [crafttweaker | SIDE_CLIENT]: Loading Script: {[0:crafttweaker]: remove.zs}
[SERVER_STARTED][SERVER][INFO] Completed script loading in: 8ms
[SERVER_STARTED][SERVER][INFO] Loading scripts for loader with names [preinit]
[SERVER_STARTED][SERVER][INFO] Completed script loading in: 0ms
[SERVER_STARTED][SERVER][INFO] Loading scripts for loader with names [alchemistry]
[SERVER_STARTED][SERVER][INFO] Completed script loading in: 0ms
[SERVER_STARTED][SERVER][INFO] Loading scripts for loader with names [contenttweaker]
[SERVER_STARTED][SERVER][INFO] [contenttweaker | SIDE_CLIENT]: Loading Script: {[0:contenttweaker]: contenttweaker\BluePowder.zs}
[SERVER_STARTED][SERVER][INFO] [contenttweaker | SIDE_CLIENT]: Loading Script: {[0:contenttweaker]: contenttweaker\BlueWater.zs}
[SERVER_STARTED][SERVER][INFO] [contenttweaker | SIDE_CLIENT]: Loading Script: {[0:contenttweaker]: contenttweaker\Circeptre.zs}
[SERVER_STARTED][SERVER][ERROR] contenttweaker\Circeptre.zs:28 > not a valid lvalue
[SERVER_STARTED][SERVER][ERROR] contenttweaker\Circeptre.zs:36 > No such static member in crafttweaker.player.IPlayer: player
[SERVER_STARTED][SERVER][ERROR] contenttweaker\Circeptre.zs:36 > No such static member in mods.contenttweaker.World: world
[SERVER_STARTED][SERVER][INFO] [contenttweaker | SIDE_CLIENT]: Loading Script: {[0:contenttweaker]: contenttweaker\Empty_Powder.zs}
[SERVER_STARTED][SERVER][INFO] [contenttweaker | SIDE_CLIENT]: Loading Script: {[0:contenttweaker]: contenttweaker\GreenPowder.zs}
[SERVER_STARTED][SERVER][INFO] [contenttweaker | SIDE_CLIENT]: Loading Script: {[0:contenttweaker]: contenttweaker\GreenWater.zs}
[SERVER_STARTED][SERVER][INFO] [contenttweaker | SIDE_CLIENT]: Loading Script: {[0:contenttweaker]: contenttweaker\OrangePowder.zs}
[SERVER_STARTED][SERVER][INFO] [contenttweaker | SIDE_CLIENT]: Loading Script: {[0:contenttweaker]: contenttweaker\OrangeWater.zs}
[SERVER_STARTED][SERVER][INFO] [contenttweaker | SIDE_CLIENT]: Loading Script: {[0:contenttweaker]: contenttweaker\PinkPowder.zs}
[SERVER_STARTED][SERVER][INFO] [contenttweaker | SIDE_CLIENT]: Loading Script: {[0:contenttweaker]: contenttweaker\PinkWater.zs}
[SERVER_STARTED][SERVER][INFO] [contenttweaker | SIDE_CLIENT]: Loading Script: {[0:contenttweaker]: contenttweaker\RainbowPowder.zs}
[SERVER_STARTED][SERVER][INFO] [contenttweaker | SIDE_CLIENT]: Loading Script: {[0:contenttweaker]: contenttweaker\RedPowder.zs}
[SERVER_STARTED][SERVER][INFO] [contenttweaker | SIDE_CLIENT]: Loading Script: {[0:contenttweaker]: contenttweaker\RedWater.zs}
[SERVER_STARTED][SERVER][INFO] [contenttweaker | SIDE_CLIENT]: Loading Script: {[0:contenttweaker]: contenttweaker\Smoke.zs}
[SERVER_STARTED][SERVER][INFO] [contenttweaker | SIDE_CLIENT]: Loading Script: {[0:contenttweaker]: contenttweaker\UltiamateWater.zs}
[SERVER_STARTED][SERVER][INFO] [contenttweaker | SIDE_CLIENT]: Loading Script: {[0:contenttweaker]: contenttweaker\VioletPowder.zs}
[SERVER_STARTED][SERVER][INFO] [contenttweaker | SIDE_CLIENT]: Loading Script: {[0:contenttweaker]: contenttweaker\VioletWater.zs}
[SERVER_STARTED][SERVER][INFO] [contenttweaker | SIDE_CLIENT]: Loading Script: {[0:contenttweaker]: contenttweaker\YellowPowder.zs}
[SERVER_STARTED][SERVER][INFO] [contenttweaker | SIDE_CLIENT]: Loading Script: {[0:contenttweaker]: contenttweaker\YellowWater.zs}
[SERVER_STARTED][SERVER][INFO] Completed script loading in: 4ms
[SERVER_STARTED][SERVER][INFO] Loading scripts for loader with names [crafttweaker | recipeevent]
[SERVER_STARTED][SERVER][INFO] [crafttweaker | SIDE_CLIENT]: Loading Script: {[0:crafttweaker]: CraftingTable.zs}
[SERVER_STARTED][SERVER][INFO] [crafttweaker | SIDE_CLIENT]: Loading Script: {[0:crafttweaker]: ExtendedCrafting.zs}
[SERVER_STARTED][SERVER][INFO] [crafttweaker | SIDE_CLIENT]: Loading Script: {[0:crafttweaker]: Extreme Crafting.zs}
[SERVER_STARTED][SERVER][INFO] [crafttweaker | SIDE_CLIENT]: Loading Script: {[0:crafttweaker]: FireToItem.zs}
[SERVER_STARTED][SERVER][INFO] [crafttweaker | SIDE_CLIENT]: Loading Script: {[0:crafttweaker]: FluidToFluid.zs}
[SERVER_STARTED][SERVER][INFO] [crafttweaker | SIDE_CLIENT]: Loading Script: {[0:crafttweaker]: FuildToItem.zs}
[SERVER_STARTED][SERVER][ERROR] [crafttweaker | SIDE_CLIENT]: Error parsing FuildToItem.zs:43 -- Invalid expression, last token: val
[SERVER_STARTED][SERVER][INFO] [crafttweaker | SIDE_CLIENT]: Loading Script: {[0:crafttweaker]: Fusion Crafting.zs}
[SERVER_STARTED][SERVER][INFO] [crafttweaker | SIDE_CLIENT]: Loading Script: {[0:crafttweaker]: remove.zs}
[SERVER_STARTED][SERVER][INFO] Completed script loading in: 6ms
[SERVER_STARTED][SERVER][INFO] Loading scripts for loader with names [preinit]
[SERVER_STARTED][SERVER][INFO] Completed script loading in: 0ms
[SERVER_STARTED][SERVER][INFO] Loading scripts for loader with names [alchemistry]
[SERVER_STARTED][SERVER][INFO] Completed script loading in: 0ms
[SERVER_STARTED][SERVER][INFO] Loading scripts for loader with names [contenttweaker]
[SERVER_STARTED][SERVER][INFO] [contenttweaker | SIDE_CLIENT]: Loading Script: {[0:contenttweaker]: contenttweaker\BluePowder.zs}
[SERVER_STARTED][SERVER][INFO] [contenttweaker | SIDE_CLIENT]: Loading Script: {[0:contenttweaker]: contenttweaker\BlueWater.zs}
[SERVER_STARTED][SERVER][INFO] [contenttweaker | SIDE_CLIENT]: Loading Script: {[0:contenttweaker]: contenttweaker\Circeptre.zs}
[SERVER_STARTED][SERVER][ERROR] contenttweaker\Circeptre.zs:28 > not a valid lvalue
[SERVER_STARTED][SERVER][ERROR] contenttweaker\Circeptre.zs:36 > No such static member in crafttweaker.player.IPlayer: player
[SERVER_STARTED][SERVER][ERROR] contenttweaker\Circeptre.zs:36 > No such static member in mods.contenttweaker.World: world
[SERVER_STARTED][SERVER][INFO] [contenttweaker | SIDE_CLIENT]: Loading Script: {[0:contenttweaker]: contenttweaker\Empty_Powder.zs}
[SERVER_STARTED][SERVER][INFO] [contenttweaker | SIDE_CLIENT]: Loading Script: {[0:contenttweaker]: contenttweaker\GreenPowder.zs}
[SERVER_STARTED][SERVER][INFO] [contenttweaker | SIDE_CLIENT]: Loading Script: {[0:contenttweaker]: contenttweaker\GreenWater.zs}
[SERVER_STARTED][SERVER][INFO] [contenttweaker | SIDE_CLIENT]: Loading Script: {[0:contenttweaker]: contenttweaker\OrangePowder.zs}
[SERVER_STARTED][SERVER][INFO] [contenttweaker | SIDE_CLIENT]: Loading Script: {[0:contenttweaker]: contenttweaker\OrangeWater.zs}
[SERVER_STARTED][SERVER][INFO] [contenttweaker | SIDE_CLIENT]: Loading Script: {[0:contenttweaker]: contenttweaker\PinkPowder.zs}
[SERVER_STARTED][SERVER][INFO] [contenttweaker | SIDE_CLIENT]: Loading Script: {[0:contenttweaker]: contenttweaker\PinkWater.zs}
[SERVER_STARTED][SERVER][INFO] [contenttweaker | SIDE_CLIENT]: Loading Script: {[0:contenttweaker]: contenttweaker\RainbowPowder.zs}
[SERVER_STARTED][SERVER][INFO] [contenttweaker | SIDE_CLIENT]: Loading Script: {[0:contenttweaker]: contenttweaker\RedPowder.zs}
[SERVER_STARTED][SERVER][INFO] [contenttweaker | SIDE_CLIENT]: Loading Script: {[0:contenttweaker]: contenttweaker\RedWater.zs}
[SERVER_STARTED][SERVER][INFO] [contenttweaker | SIDE_CLIENT]: Loading Script: {[0:contenttweaker]: contenttweaker\Smoke.zs}
[SERVER_STARTED][SERVER][INFO] [contenttweaker | SIDE_CLIENT]: Loading Script: {[0:contenttweaker]: contenttweaker\UltiamateWater.zs}
[SERVER_STARTED][SERVER][INFO] [contenttweaker | SIDE_CLIENT]: Loading Script: {[0:contenttweaker]: contenttweaker\VioletPowder.zs}
[SERVER_STARTED][SERVER][INFO] [contenttweaker | SIDE_CLIENT]: Loading Script: {[0:contenttweaker]: contenttweaker\VioletWater.zs}
[SERVER_STARTED][SERVER][INFO] [contenttweaker | SIDE_CLIENT]: Loading Script: {[0:contenttweaker]: contenttweaker\YellowPowder.zs}
[SERVER_STARTED][SERVER][INFO] [contenttweaker | SIDE_CLIENT]: Loading Script: {[0:contenttweaker]: contenttweaker\YellowWater.zs}
[SERVER_STARTED][SERVER][INFO] Completed script loading in: 4ms
[SERVER_STARTED][SERVER][INFO] Loading scripts for loader with names [crafttweaker | recipeevent]
[SERVER_STARTED][SERVER][INFO] [crafttweaker | SIDE_CLIENT]: Loading Script: {[0:crafttweaker]: CraftingTable.zs}
[SERVER_STARTED][SERVER][INFO] [crafttweaker | SIDE_CLIENT]: Loading Script: {[0:crafttweaker]: ExtendedCrafting.zs}
[SERVER_STARTED][SERVER][INFO] [crafttweaker | SIDE_CLIENT]: Loading Script: {[0:crafttweaker]: Extreme Crafting.zs}
[SERVER_STARTED][SERVER][INFO] [crafttweaker | SIDE_CLIENT]: Loading Script: {[0:crafttweaker]: FireToItem.zs}
[SERVER_STARTED][SERVER][INFO] [crafttweaker | SIDE_CLIENT]: Loading Script: {[0:crafttweaker]: FluidToFluid.zs}
[SERVER_STARTED][SERVER][INFO] [crafttweaker | SIDE_CLIENT]: Loading Script: {[0:crafttweaker]: FuildToItem.zs}
[SERVER_STARTED][SERVER][ERROR] [crafttweaker | SIDE_CLIENT]: Error parsing FuildToItem.zs:43 -- Invalid expression, last token: val
[SERVER_STARTED][SERVER][INFO] [crafttweaker | SIDE_CLIENT]: Loading Script: {[0:crafttweaker]: Fusion Crafting.zs}
[SERVER_STARTED][SERVER][INFO] [crafttweaker | SIDE_CLIENT]: Loading Script: {[0:crafttweaker]: remove.zs}
[SERVER_STARTED][SERVER][INFO] Completed script loading in: 7ms
[SERVER_STARTED][SERVER][INFO] Loading scripts for loader with names [preinit]
[SERVER_STARTED][SERVER][INFO] Completed script loading in: 0ms
[SERVER_STARTED][SERVER][INFO] Loading scripts for loader with names [alchemistry]
[SERVER_STARTED][SERVER][INFO] Completed script loading in: 0ms
[SERVER_STARTED][SERVER][INFO] Loading scripts for loader with names [contenttweaker]
[SERVER_STARTED][SERVER][INFO] [contenttweaker | SIDE_CLIENT]: Loading Script: {[0:contenttweaker]: contenttweaker\BluePowder.zs}
[SERVER_STARTED][SERVER][INFO] [contenttweaker | SIDE_CLIENT]: Loading Script: {[0:contenttweaker]: contenttweaker\BlueWater.zs}
[SERVER_STARTED][SERVER][INFO] [contenttweaker | SIDE_CLIENT]: Loading Script: {[0:contenttweaker]: contenttweaker\Circeptre.zs}
[SERVER_STARTED][SERVER][ERROR] contenttweaker\Circeptre.zs:28 > not a valid lvalue
[SERVER_STARTED][SERVER][ERROR] contenttweaker\Circeptre.zs:36 > No such static member in crafttweaker.player.IPlayer: player
[SERVER_STARTED][SERVER][ERROR] contenttweaker\Circeptre.zs:36 > No such static member in mods.contenttweaker.World: world
[SERVER_STARTED][SERVER][INFO] [contenttweaker | SIDE_CLIENT]: Loading Script: {[0:contenttweaker]: contenttweaker\Empty_Powder.zs}
[SERVER_STARTED][SERVER][INFO] [contenttweaker | SIDE_CLIENT]: Loading Script: {[0:contenttweaker]: contenttweaker\GreenPowder.zs}
[SERVER_STARTED][SERVER][INFO] [contenttweaker | SIDE_CLIENT]: Loading Script: {[0:contenttweaker]: contenttweaker\GreenWater.zs}
[SERVER_STARTED][SERVER][INFO] [contenttweaker | SIDE_CLIENT]: Loading Script: {[0:contenttweaker]: contenttweaker\OrangePowder.zs}
[SERVER_STARTED][SERVER][INFO] [contenttweaker | SIDE_CLIENT]: Loading Script: {[0:contenttweaker]: contenttweaker\OrangeWater.zs}
[SERVER_STARTED][SERVER][INFO] [contenttweaker | SIDE_CLIENT]: Loading Script: {[0:contenttweaker]: contenttweaker\PinkPowder.zs}
[SERVER_STARTED][SERVER][INFO] [contenttweaker | SIDE_CLIENT]: Loading Script: {[0:contenttweaker]: contenttweaker\PinkWater.zs}
[SERVER_STARTED][SERVER][INFO] [contenttweaker | SIDE_CLIENT]: Loading Script: {[0:contenttweaker]: contenttweaker\RainbowPowder.zs}
[SERVER_STARTED][SERVER][INFO] [contenttweaker | SIDE_CLIENT]: Loading Script: {[0:contenttweaker]: contenttweaker\RedPowder.zs}
[SERVER_STARTED][SERVER][INFO] [contenttweaker | SIDE_CLIENT]: Loading Script: {[0:contenttweaker]: contenttweaker\RedWater.zs}
[SERVER_STARTED][SERVER][INFO] [contenttweaker | SIDE_CLIENT]: Loading Script: {[0:contenttweaker]: contenttweaker\Smoke.zs}
[SERVER_STARTED][SERVER][INFO] [contenttweaker | SIDE_CLIENT]: Loading Script: {[0:contenttweaker]: contenttweaker\UltiamateWater.zs}
[SERVER_STARTED][SERVER][INFO] [contenttweaker | SIDE_CLIENT]: Loading Script: {[0:contenttweaker]: contenttweaker\VioletPowder.zs}
[SERVER_STARTED][SERVER][INFO] [contenttweaker | SIDE_CLIENT]: Loading Script: {[0:contenttweaker]: contenttweaker\VioletWater.zs}
[SERVER_STARTED][SERVER][INFO] [contenttweaker | SIDE_CLIENT]: Loading Script: {[0:contenttweaker]: contenttweaker\YellowPowder.zs}
[SERVER_STARTED][SERVER][INFO] [contenttweaker | SIDE_CLIENT]: Loading Script: {[0:contenttweaker]: contenttweaker\YellowWater.zs}
[SERVER_STARTED][SERVER][INFO] Completed script loading in: 3ms
[SERVER_STARTED][SERVER][INFO] Loading scripts for loader with names [crafttweaker | recipeevent]
[SERVER_STARTED][SERVER][INFO] [crafttweaker | SIDE_CLIENT]: Loading Script: {[0:crafttweaker]: CraftingTable.zs}
[SERVER_STARTED][SERVER][INFO] [crafttweaker | SIDE_CLIENT]: Loading Script: {[0:crafttweaker]: ExtendedCrafting.zs}
[SERVER_STARTED][SERVER][INFO] [crafttweaker | SIDE_CLIENT]: Loading Script: {[0:crafttweaker]: Extreme Crafting.zs}
[SERVER_STARTED][SERVER][INFO] [crafttweaker | SIDE_CLIENT]: Loading Script: {[0:crafttweaker]: FireToItem.zs}
[SERVER_STARTED][SERVER][INFO] [crafttweaker | SIDE_CLIENT]: Loading Script: {[0:crafttweaker]: FluidToFluid.zs}
[SERVER_STARTED][SERVER][INFO] [crafttweaker | SIDE_CLIENT]: Loading Script: {[0:crafttweaker]: FuildToItem.zs}
[SERVER_STARTED][SERVER][ERROR] [crafttweaker | SIDE_CLIENT]: Error parsing FuildToItem.zs:43 -- Invalid expression, last token: return
[SERVER_STARTED][SERVER][INFO] [crafttweaker | SIDE_CLIENT]: Loading Script: {[0:crafttweaker]: Fusion Crafting.zs}
[SERVER_STARTED][SERVER][INFO] [crafttweaker | SIDE_CLIENT]: Loading Script: {[0:crafttweaker]: remove.zs}
[SERVER_STARTED][SERVER][INFO] Completed script loading in: 8ms
